<?xml version="1.0" encoding="UTF-8"?>
<coverage generated="1682322855053" clover="3.2.0">
  <project timestamp="1682322855053" name="All files">
    <metrics statements="20" coveredstatements="20" conditionals="6" coveredconditionals="6" methods="7" coveredmethods="7" elements="33" coveredelements="33" complexity="0" loc="20" ncloc="20" packages="1" files="1" classes="1"/>
    <file name="compare.js" path="D:\Programming\Hexlet\Project2\frontend-project-46\src\compare.js">
      <metrics statements="20" coveredstatements="20" conditionals="6" coveredconditionals="6" methods="7" coveredmethods="7"/>
      <line num="5" count="1" type="stmt"/>
      <line num="6" count="3" type="stmt"/>
      <line num="7" count="3" type="stmt"/>
      <line num="8" count="3" type="stmt"/>
      <line num="9" count="3" type="stmt"/>
      <line num="10" count="3" type="stmt"/>
      <line num="11" count="22" type="stmt"/>
      <line num="13" count="3" type="stmt"/>
      <line num="14" count="22" type="cond" truecount="2" falsecount="0"/>
      <line num="15" count="80" type="cond" truecount="2" falsecount="0"/>
      <line num="16" count="47" type="stmt"/>
      <line num="18" count="2" type="stmt"/>
      <line num="20" count="72" type="cond" truecount="2" falsecount="0"/>
      <line num="21" count="9" type="stmt"/>
      <line num="23" count="11" type="stmt"/>
      <line num="26" count="3" type="stmt"/>
      <line num="27" count="22" type="stmt"/>
      <line num="28" count="22" type="stmt"/>
      <line num="29" count="22" type="stmt"/>
      <line num="32" count="3" type="stmt"/>
    </file>
  </project>
</coverage>
