{"D:\\Programming\\Hexlet\\Project2\\frontend-project-46\\src\\compare.js": {"path":"D:\\Programming\\Hexlet\\Project2\\frontend-project-46\\src\\compare.js","statementMap":{"0":{"start":{"line":5,"column":16},"end":{"line":33,"column":1}},"1":{"start":{"line":6,"column":19},"end":{"line":6,"column":57}},"2":{"start":{"line":7,"column":19},"end":{"line":7,"column":57}},"3":{"start":{"line":8,"column":19},"end":{"line":8,"column":53}},"4":{"start":{"line":9,"column":19},"end":{"line":9,"column":53}},"5":{"start":{"line":10,"column":18},"end":{"line":10,"column":67}},"6":{"start":{"line":11,"column":24},"end":{"line":11,"column":60}},"7":{"start":{"line":11,"column":52},"end":{"line":11,"column":59}},"8":{"start":{"line":13,"column":18},"end":{"line":24,"column":3}},"9":{"start":{"line":14,"column":4},"end":{"line":19,"column":5}},"10":{"start":{"line":15,"column":28},"end":{"line":15,"column":52}},"11":{"start":{"line":16,"column":31},"end":{"line":16,"column":55}},"12":{"start":{"line":18,"column":6},"end":{"line":18,"column":18}},"13":{"start":{"line":20,"column":4},"end":{"line":22,"column":5}},"14":{"start":{"line":20,"column":30},"end":{"line":20,"column":54}},"15":{"start":{"line":21,"column":6},"end":{"line":21,"column":18}},"16":{"start":{"line":23,"column":4},"end":{"line":23,"column":16}},"17":{"start":{"line":26,"column":20},"end":{"line":30,"column":4}},"18":{"start":{"line":27,"column":17},"end":{"line":27,"column":50}},"19":{"start":{"line":28,"column":25},"end":{"line":28,"column":29}},"20":{"start":{"line":29,"column":4},"end":{"line":29,"column":42}},"21":{"start":{"line":32,"column":2},"end":{"line":32,"column":45}}},"fnMap":{"0":{"name":"(anonymous_0)","decl":{"start":{"line":5,"column":16},"end":{"line":5,"column":17}},"loc":{"start":{"line":5,"column":51},"end":{"line":33,"column":1}},"line":5},"1":{"name":"(anonymous_1)","decl":{"start":{"line":11,"column":42},"end":{"line":11,"column":43}},"loc":{"start":{"line":11,"column":52},"end":{"line":11,"column":59}},"line":11},"2":{"name":"(anonymous_2)","decl":{"start":{"line":13,"column":18},"end":{"line":13,"column":19}},"loc":{"start":{"line":13,"column":43},"end":{"line":24,"column":3}},"line":13},"3":{"name":"(anonymous_3)","decl":{"start":{"line":15,"column":18},"end":{"line":15,"column":19}},"loc":{"start":{"line":15,"column":28},"end":{"line":15,"column":52}},"line":15},"4":{"name":"(anonymous_4)","decl":{"start":{"line":16,"column":21},"end":{"line":16,"column":22}},"loc":{"start":{"line":16,"column":31},"end":{"line":16,"column":55}},"line":16},"5":{"name":"(anonymous_5)","decl":{"start":{"line":20,"column":20},"end":{"line":20,"column":21}},"loc":{"start":{"line":20,"column":30},"end":{"line":20,"column":54}},"line":20},"6":{"name":"(anonymous_6)","decl":{"start":{"line":26,"column":38},"end":{"line":26,"column":39}},"loc":{"start":{"line":26,"column":48},"end":{"line":30,"column":3}},"line":26}},"branchMap":{"0":{"loc":{"start":{"line":14,"column":4},"end":{"line":19,"column":5}},"type":"if","locations":[{"start":{"line":14,"column":4},"end":{"line":19,"column":5}},{"start":{},"end":{}}],"line":14},"1":{"loc":{"start":{"line":15,"column":6},"end":{"line":16,"column":63}},"type":"binary-expr","locations":[{"start":{"line":15,"column":6},"end":{"line":15,"column":60}},{"start":{"line":16,"column":9},"end":{"line":16,"column":63}}],"line":15},"2":{"loc":{"start":{"line":20,"column":4},"end":{"line":22,"column":5}},"type":"if","locations":[{"start":{"line":20,"column":4},"end":{"line":22,"column":5}},{"start":{},"end":{}}],"line":20}},"s":{"0":1,"1":3,"2":3,"3":3,"4":3,"5":3,"6":3,"7":22,"8":3,"9":22,"10":80,"11":47,"12":2,"13":20,"14":72,"15":9,"16":11,"17":3,"18":22,"19":22,"20":22,"21":3},"f":{"0":3,"1":22,"2":22,"3":80,"4":47,"5":72,"6":22},"b":{"0":[2,20],"1":[22,11],"2":[9,11]},"_coverageSchema":"1a1c01bbd47fc00a2c39e90264f33305004495a9","hash":"66eefff6b63e2a434336c704e6d98f2c1269e749"}
}
