TN:
SF:src\compare.js
FN:5,(anonymous_0)
FN:11,(anonymous_1)
FN:13,(anonymous_2)
FN:15,(anonymous_3)
FN:16,(anonymous_4)
FN:20,(anonymous_5)
FN:26,(anonymous_6)
FNF:7
FNH:7
FNDA:3,(anonymous_0)
FNDA:22,(anonymous_1)
FNDA:22,(anonymous_2)
FNDA:80,(anonymous_3)
FNDA:47,(anonymous_4)
FNDA:72,(anonymous_5)
FNDA:22,(anonymous_6)
DA:5,1
DA:6,3
DA:7,3
DA:8,3
DA:9,3
DA:10,3
DA:11,22
DA:13,3
DA:14,22
DA:15,80
DA:16,47
DA:18,2
DA:20,72
DA:21,9
DA:23,11
DA:26,3
DA:27,22
DA:28,22
DA:29,22
DA:32,3
LF:20
LH:20
BRDA:14,0,0,2
BRDA:14,0,1,20
BRDA:15,1,0,22
BRDA:15,1,1,11
BRDA:20,2,0,9
BRDA:20,2,1,11
BRF:6
BRH:6
end_of_record
